#
# A fatal error has been detected by the Java Runtime Environment:
#
#  EXCEPTION_ACCESS_VIOLATION (0xc0000005) at pc=0x0000000029746f68, pid=5788, tid=0x000000000000015c
#
# JRE version: Java(TM) SE Runtime Environment (8.0_111-b14) (build 1.8.0_111-b14)
# Java VM: Java HotSpot(TM) 64-Bit Server VM (25.111-b14 mixed mode windows-amd64 compressed oops)
# Problematic frame:
# C  0x0000000029746f68
#
# Failed to write core dump. Minidumps are not enabled by default on client versions of Windows
#
# If you would like to submit a bug report, please visit:
#   http://bugreport.java.com/bugreport/crash.jsp
#

---------------  T H R E A D  ---------------

Current thread (0x0000000019981000):  JavaThread "C2 CompilerThread1" daemon [_thread_in_native, id=348, stack(0x000000001b100000,0x000000001b200000)]

siginfo: ExceptionCode=0xc0000005, ExceptionInformation=0x0000000000000008 0x0000000029746f68

Registers:
RAX=0x000000006e7a36a8, RBX=0x000000001b324e50, RCX=0x000000001b324e50, RDX=0x000000001eba1938
RSP=0x000000001b1fbdf8, RBP=0x000000000000002a, RSI=0x0000000000000158, RDI=0x000000001b1fc9d0
R8 =0x000000000000000c, R9 =0x0000000000000100, R10=0x42800000000007e0, R11=0x0000000000000000
R12=0x000000001b1feb00, R13=0x000000001c8c3530, R14=0x000000001b1feb00, R15=0x000000001c8cb518
RIP=0x0000000029746f68, EFLAGS=0x0000000000010202

Top of Stack: (sp=0x000000001b1fbdf8)
0x000000001b1fbdf8:   000000006e64e473 000000001b1fc9d0
0x000000001b1fbe08:   000000001eba0ba8 000000000000003e
0x000000001b1fbe18:   000000001c7f5b68 000000001c8c8f20
0x000000001b1fbe28:   000000006e5b4483 000000001b1fbf30
0x000000001b1fbe38:   000000001b1feb00 00000000000083b0
0x000000001b1fbe48:   0000000019946490 00000000029e4500
0x000000001b1fbe58:   0000000005010004 00000000ffffffff
0x000000001b1fbe68:   000000000000000b 0000000000000004
0x000000001b1fbe78:   000000006e94ee78 0000000000000030
0x000000001b1fbe88:   0000000000000030 0000000000000000
0x000000001b1fbe98:   000000006f118d17 0000000000000000
0x000000001b1fbea8:   0000000000000030 00000000026c0000
0x000000001b1fbeb8:   0000000000000000 000000001c7af6d0
0x000000001b1fbec8:   000000006e35e000 0000000000000004
0x000000001b1fbed8:   000000001b1feb00 0000000000000000
0x000000001b1fbee8:   000000006e7a7c38 0000000000be0001 

Instructions: (pc=0x0000000029746f68)
0x0000000029746f48:   
[error occurred during error reporting (printing registers, top of stack, instructions near pc), id 0xc0000005]

Register to memory mapping:

RAX=0x000000006e7a36a8 is an unknown value
RBX=0x000000001b324e50 is an unknown value
RCX=0x000000001b324e50 is an unknown value
RDX=0x000000001eba1938 is an unknown value
RSP=0x000000001b1fbdf8 is pointing into the stack for thread: 0x0000000019981000
RBP=0x000000000000002a is an unknown value
RSI=0x0000000000000158 is an unknown value
RDI=0x000000001b1fc9d0 is pointing into the stack for thread: 0x0000000019981000
R8 =0x000000000000000c is an unknown value
R9 =0x0000000000000100 is an unknown value
R10=0x42800000000007e0 is an unknown value
R11=0x0000000000000000 is an unknown value
R12=0x000000001b1feb00 is pointing into the stack for thread: 0x0000000019981000
R13=0x000000001c8c3530 is an unknown value
R14=0x000000001b1feb00 is pointing into the stack for thread: 0x0000000019981000
R15=0x000000001c8cb518 is an unknown value


Stack: [0x000000001b100000,0x000000001b200000],  sp=0x000000001b1fbdf8,  free space=1007k
Native frames: (J=compiled Java code, j=interpreted, Vv=VM code, C=native code)
C  0x0000000029746f68


Current CompileTask:
C2:  79669 2919 %     4       java.awt.image.SinglePixelPackedSampleModel::<init> @ 157 (277 bytes)


---------------  P R O C E S S  ---------------

Java Threads: ( => current thread )
  0x000000001c7ed000 JavaThread "TimerQueue" daemon [_thread_blocked, id=13828, stack(0x000000001e610000,0x000000001e710000)]
  0x000000001c350800 JavaThread "mysql-cj-abandoned-connection-cleanup" daemon [_thread_blocked, id=7156, stack(0x000000001cbd0000,0x000000001ccd0000)]
  0x0000000002651000 JavaThread "DestroyJavaVM" [_thread_blocked, id=2676, stack(0x0000000000d20000,0x0000000000e20000)]
  0x000000001c320800 JavaThread "AWT-EventQueue-0" [_thread_blocked, id=2816, stack(0x000000001cad0000,0x000000001cbd0000)]
  0x000000001b6f7000 JavaThread "AWT-Windows" daemon [_thread_in_native, id=11912, stack(0x000000001bc70000,0x000000001bd70000)]
  0x000000001b6f4800 JavaThread "AWT-Shutdown" [_thread_blocked, id=4460, stack(0x000000001bb70000,0x000000001bc70000)]
  0x000000001b6e6800 JavaThread "Java2D Disposer" daemon [_thread_blocked, id=8488, stack(0x000000001ba70000,0x000000001bb70000)]
  0x000000001b333800 JavaThread "Service Thread" daemon [_thread_blocked, id=484, stack(0x000000001b700000,0x000000001b800000)]
  0x0000000019988000 JavaThread "C1 CompilerThread2" daemon [_thread_blocked, id=13904, stack(0x000000001b200000,0x000000001b300000)]
=>0x0000000019981000 JavaThread "C2 CompilerThread1" daemon [_thread_in_native, id=348, stack(0x000000001b100000,0x000000001b200000)]
  0x000000001997c800 JavaThread "C2 CompilerThread0" daemon [_thread_blocked, id=7008, stack(0x000000001b000000,0x000000001b100000)]
  0x000000001997b000 JavaThread "Attach Listener" daemon [_thread_blocked, id=7840, stack(0x000000001af00000,0x000000001b000000)]
  0x000000001997a000 JavaThread "Signal Dispatcher" daemon [_thread_blocked, id=8412, stack(0x000000001ae00000,0x000000001af00000)]
  0x000000001996a800 JavaThread "Finalizer" daemon [_thread_blocked, id=2580, stack(0x000000001abe0000,0x000000001ace0000)]
  0x0000000002741000 JavaThread "Reference Handler" daemon [_thread_blocked, id=8592, stack(0x000000001aae0000,0x000000001abe0000)]

Other Threads:
  0x0000000019947000 VMThread [stack: 0x000000001a9e0000,0x000000001aae0000] [id=9404]
  0x0000000019998000 WatcherThread [stack: 0x000000001b970000,0x000000001ba70000] [id=3540]

VM state:not at safepoint (normal execution)

VM Mutex/Monitor currently owned by a thread: None

Heap:
 PSYoungGen      total 57344K, used 13685K [0x0000000780900000, 0x0000000784900000, 0x00000007c0000000)
  eden space 49152K, 27% used [0x0000000780900000,0x000000078165d7d0,0x0000000783900000)
  from space 8192K, 0% used [0x0000000784100000,0x0000000784100000,0x0000000784900000)
  to   space 8192K, 0% used [0x0000000783900000,0x0000000783900000,0x0000000784100000)
 ParOldGen       total 71168K, used 13171K [0x0000000701a00000, 0x0000000705f80000, 0x0000000780900000)
  object space 71168K, 18% used [0x0000000701a00000,0x00000007026dcfd8,0x0000000705f80000)
 Metaspace       used 21621K, capacity 21930K, committed 22272K, reserved 1069056K
  class space    used 2620K, capacity 2695K, committed 2816K, reserved 1048576K

Card table byte_map: [0x0000000011db0000,0x00000000123b0000] byte_map_base: 0x000000000e5a3000

Marking Bits: (ParMarkBitMap*) 0x000000006e95a6c0
 Begin Bits: [0x0000000012ab0000, 0x0000000015a48000)
 End Bits:   [0x0000000015a48000, 0x00000000189e0000)

Polling page: 0x0000000000830000

CodeCache: size=245760Kb used=8839Kb max_used=8848Kb free=236920Kb
 bounds [0x00000000029f0000, 0x00000000032a0000, 0x00000000119f0000]
 total_blobs=3371 nmethods=2751 adapters=531
 compilation: enabled

Compilation events (10 events):
Event: 79.618 Thread 0x000000001997c800 2918       4       java.lang.Math::round (56 bytes)
Event: 79.619 Thread 0x000000001997c800 nmethod 2918 0x0000000002db1750 code [0x0000000002db1880, 0x0000000002db1918]
Event: 79.621 Thread 0x0000000019981000 2919 %     4       java.awt.image.SinglePixelPackedSampleModel::<init> @ 157 (277 bytes)
Event: 79.625 Thread 0x0000000019988000 2920       3       sun.util.locale.LanguageTag::<init> (50 bytes)
Event: 79.625 Thread 0x0000000019988000 nmethod 2920 0x0000000003283e10 code [0x0000000003283fa0, 0x0000000003284350]
Event: 79.626 Thread 0x0000000019988000 2921       3       sun.util.locale.LanguageTag::isLanguage (29 bytes)
Event: 79.626 Thread 0x0000000019988000 nmethod 2921 0x0000000003292010 code [0x00000000032921e0, 0x0000000003292aa8]
Event: 79.626 Thread 0x0000000019988000 2922       3       sun.util.locale.LanguageTag::isScript (21 bytes)
Event: 79.627 Thread 0x0000000019988000 nmethod 2922 0x0000000003291250 code [0x0000000003291420, 0x0000000003291ca8]
Event: 79.627 Thread 0x0000000019988000 2923       3       java.util.Locale::forLanguageTag (74 bytes)

GC Heap History (6 events):
Event: 8.912 GC heap before
{Heap before GC invocations=1 (full 0):
 PSYoungGen      total 57344K, used 49152K [0x0000000780900000, 0x0000000784900000, 0x00000007c0000000)
  eden space 49152K, 100% used [0x0000000780900000,0x0000000783900000,0x0000000783900000)
  from space 8192K, 0% used [0x0000000784100000,0x0000000784100000,0x0000000784900000)
  to   space 8192K, 0% used [0x0000000783900000,0x0000000783900000,0x0000000784100000)
 ParOldGen       total 131072K, used 0K [0x0000000701a00000, 0x0000000709a00000, 0x0000000780900000)
  object space 131072K, 0% used [0x0000000701a00000,0x0000000701a00000,0x0000000709a00000)
 Metaspace       used 20041K, capacity 20256K, committed 20480K, reserved 1067008K
  class space    used 2447K, capacity 2520K, committed 2560K, reserved 1048576K
Event: 8.924 GC heap after
Heap after GC invocations=1 (full 0):
 PSYoungGen      total 57344K, used 8161K [0x0000000780900000, 0x0000000784900000, 0x00000007c0000000)
  eden space 49152K, 0% used [0x0000000780900000,0x0000000780900000,0x0000000783900000)
  from space 8192K, 99% used [0x0000000783900000,0x00000007840f86f0,0x0000000784100000)
  to   space 8192K, 0% used [0x0000000784100000,0x0000000784100000,0x0000000784900000)
 ParOldGen       total 131072K, used 6887K [0x0000000701a00000, 0x0000000709a00000, 0x0000000780900000)
  object space 131072K, 5% used [0x0000000701a00000,0x00000007020b9d58,0x0000000709a00000)
 Metaspace       used 20041K, capacity 20256K, committed 20480K, reserved 1067008K
  class space    used 2447K, capacity 2520K, committed 2560K, reserved 1048576K
}
Event: 66.588 GC heap before
{Heap before GC invocations=2 (full 0):
 PSYoungGen      total 57344K, used 38696K [0x0000000780900000, 0x0000000784900000, 0x00000007c0000000)
  eden space 49152K, 62% used [0x0000000780900000,0x00000007826d19c0,0x0000000783900000)
  from space 8192K, 99% used [0x0000000783900000,0x00000007840f86f0,0x0000000784100000)
  to   space 8192K, 0% used [0x0000000784100000,0x0000000784100000,0x0000000784900000)
 ParOldGen       total 131072K, used 6887K [0x0000000701a00000, 0x0000000709a00000, 0x0000000780900000)
  object space 131072K, 5% used [0x0000000701a00000,0x00000007020b9d58,0x0000000709a00000)
 Metaspace       used 20852K, capacity 21070K, committed 21248K, reserved 1069056K
  class space    used 2467K, capacity 2553K, committed 2560K, reserved 1048576K
Event: 66.596 GC heap after
Heap after GC invocations=2 (full 0):
 PSYoungGen      total 57344K, used 8174K [0x0000000780900000, 0x0000000784900000, 0x00000007c0000000)
  eden space 49152K, 0% used [0x0000000780900000,0x0000000780900000,0x0000000783900000)
  from space 8192K, 99% used [0x0000000784100000,0x00000007848fb800,0x0000000784900000)
  to   space 8192K, 0% used [0x0000000783900000,0x0000000783900000,0x0000000784100000)
 ParOldGen       total 131072K, used 7425K [0x0000000701a00000, 0x0000000709a00000, 0x0000000780900000)
  object space 131072K, 5% used [0x0000000701a00000,0x00000007021407b0,0x0000000709a00000)
 Metaspace       used 20852K, capacity 21070K, committed 21248K, reserved 1069056K
  class space    used 2467K, capacity 2553K, committed 2560K, reserved 1048576K
}
Event: 66.596 GC heap before
{Heap before GC invocations=3 (full 1):
 PSYoungGen      total 57344K, used 8174K [0x0000000780900000, 0x0000000784900000, 0x00000007c0000000)
  eden space 49152K, 0% used [0x0000000780900000,0x0000000780900000,0x0000000783900000)
  from space 8192K, 99% used [0x0000000784100000,0x00000007848fb800,0x0000000784900000)
  to   space 8192K, 0% used [0x0000000783900000,0x0000000783900000,0x0000000784100000)
 ParOldGen       total 131072K, used 7425K [0x0000000701a00000, 0x0000000709a00000, 0x0000000780900000)
  object space 131072K, 5% used [0x0000000701a00000,0x00000007021407b0,0x0000000709a00000)
 Metaspace       used 20852K, capacity 21070K, committed 21248K, reserved 1069056K
  class space    used 2467K, capacity 2553K, committed 2560K, reserved 1048576K
Event: 66.634 GC heap after
Heap after GC invocations=3 (full 1):
 PSYoungGen      total 57344K, used 0K [0x0000000780900000, 0x0000000784900000, 0x00000007c0000000)
  eden space 49152K, 0% used [0x0000000780900000,0x0000000780900000,0x0000000783900000)
  from space 8192K, 0% used [0x0000000784100000,0x0000000784100000,0x0000000784900000)
  to   space 8192K, 0% used [0x0000000783900000,0x0000000783900000,0x0000000784100000)
 ParOldGen       total 71168K, used 13171K [0x0000000701a00000, 0x0000000705f80000, 0x0000000780900000)
  object space 71168K, 18% used [0x0000000701a00000,0x00000007026dcfd8,0x0000000705f80000)
 Metaspace       used 20852K, capacity 21070K, committed 21248K, reserved 1069056K
  class space    used 2467K, capacity 2553K, committed 2560K, reserved 1048576K
}

Deoptimization events (10 events):
Event: 66.696 Thread 0x000000001c320800 Uncommon trap: reason=unstable_if action=reinterpret pc=0x00000000031f15d8 method=java.awt.geom.Path2D$Float.needRoom(ZI)V @ 56
Event: 69.586 Thread 0x000000001c320800 Uncommon trap: reason=unstable_if action=reinterpret pc=0x00000000031d0270 method=sun.awt.AWTAutoShutdown.isReadyToShutdown()Z @ 16
Event: 69.586 Thread 0x000000001b6f7000 Uncommon trap: reason=unstable_if action=reinterpret pc=0x0000000002c56d08 method=sun.awt.AWTAutoShutdown.isReadyToShutdown()Z @ 16
Event: 69.634 Thread 0x000000001c320800 Uncommon trap: reason=bimorphic action=maybe_recompile pc=0x0000000003239740 method=javax.swing.UIDefaults.getFromHashtable(Ljava/lang/Object;)Ljava/lang/Object; @ 126
Event: 69.635 Thread 0x000000001c320800 Uncommon trap: reason=bimorphic action=maybe_recompile pc=0x0000000003239740 method=javax.swing.UIDefaults.getFromHashtable(Ljava/lang/Object;)Ljava/lang/Object; @ 126
Event: 69.636 Thread 0x000000001c320800 Uncommon trap: reason=bimorphic action=maybe_recompile pc=0x0000000003239740 method=javax.swing.UIDefaults.getFromHashtable(Ljava/lang/Object;)Ljava/lang/Object; @ 126
Event: 69.636 Thread 0x000000001c320800 Uncommon trap: reason=bimorphic action=maybe_recompile pc=0x0000000003239740 method=javax.swing.UIDefaults.getFromHashtable(Ljava/lang/Object;)Ljava/lang/Object; @ 126
Event: 69.639 Thread 0x000000001c320800 Uncommon trap: reason=null_check action=make_not_entrant pc=0x0000000002f529fc method=javax.swing.plaf.nimbus.DerivedColor.equals(Ljava/lang/Object;)Z @ 8
Event: 69.658 Thread 0x000000001edbc000 Uncommon trap: reason=unstable_if action=reinterpret pc=0x0000000002efb44c method=sun.awt.image.ImageRepresentation.getOpaqueRGBImage()Ljava/awt/image/BufferedImage; @ 57
Event: 69.680 Thread 0x000000001c320800 Uncommon trap: reason=class_check action=maybe_recompile pc=0x00000000032566b8 method=javax.swing.UIDefaults.getFromHashtable(Ljava/lang/Object;)Ljava/lang/Object; @ 92

Internal exceptions (10 events):
Event: 0.267 Thread 0x0000000002651000 Exception <a 'java/lang/ClassNotFoundException': javax/swing/JToolBarSeparator> (0x0000000780cc20d0) thrown at [C:\re\workspace\8-2-build-windows-amd64-cygwin\jdk8u111\7883\hotspot\src\share\vm\classfile\systemDictionary.cpp, line 210]
Event: 0.267 Thread 0x0000000002651000 Exception <a 'java/lang/ClassNotFoundException': ToolBarSeparator> (0x0000000780cc2568) thrown at [C:\re\workspace\8-2-build-windows-amd64-cygwin\jdk8u111\7883\hotspot\src\share\vm\classfile\systemDictionary.cpp, line 210]
Event: 0.267 Thread 0x0000000002651000 Exception <a 'java/lang/ClassNotFoundException': ToolTip> (0x0000000780cc2ca8) thrown at [C:\re\workspace\8-2-build-windows-amd64-cygwin\jdk8u111\7883\hotspot\src\share\vm\classfile\systemDictionary.cpp, line 210]
Event: 0.268 Thread 0x0000000002651000 Exception <a 'java/lang/ClassNotFoundException': Tree> (0x0000000780cc38c8) thrown at [C:\re\workspace\8-2-build-windows-amd64-cygwin\jdk8u111\7883\hotspot\src\share\vm\classfile\systemDictionary.cpp, line 210]
Event: 0.268 Thread 0x0000000002651000 Exception <a 'java/lang/ClassNotFoundException': Tree> (0x0000000780cc4008) thrown at [C:\re\workspace\8-2-build-windows-amd64-cygwin\jdk8u111\7883\hotspot\src\share\vm\classfile\systemDictionary.cpp, line 210]
Event: 0.268 Thread 0x0000000002651000 Exception <a 'java/lang/ClassNotFoundException': javax/swing/JTreeCell> (0x0000000780cc4388) thrown at [C:\re\workspace\8-2-build-windows-amd64-cygwin\jdk8u111\7883\hotspot\src\share\vm\classfile\systemDictionary.cpp, line 210]
Event: 0.268 Thread 0x0000000002651000 Exception <a 'java/lang/ClassNotFoundException': TreeCell> (0x0000000780cc4810) thrown at [C:\re\workspace\8-2-build-windows-amd64-cygwin\jdk8u111\7883\hotspot\src\share\vm\classfile\systemDictionary.cpp, line 210]
Event: 0.269 Thread 0x0000000002651000 Exception <a 'java/lang/ClassNotFoundException': RootPane> (0x0000000780cc5270) thrown at [C:\re\workspace\8-2-build-windows-amd64-cygwin\jdk8u111\7883\hotspot\src\share\vm\classfile\systemDictionary.cpp, line 210]
Event: 1.288 Thread 0x000000001c320800 Implicit null exception at 0x0000000002d21838 to 0x0000000002d219b5
Event: 69.639 Thread 0x000000001c320800 Implicit null exception at 0x0000000002f526da to 0x0000000002f529ed

Events (10 events):
Event: 79.587 Executing VM operation: BulkRevokeBias
Event: 79.587 Executing VM operation: BulkRevokeBias done
Event: 79.589 Executing VM operation: BulkRevokeBias
Event: 79.589 Executing VM operation: BulkRevokeBias done
Event: 79.590 Executing VM operation: RevokeBias
Event: 79.590 Executing VM operation: RevokeBias done
Event: 79.591 Executing VM operation: RevokeBias
Event: 79.591 Executing VM operation: RevokeBias done
Event: 79.592 Executing VM operation: RevokeBias
Event: 79.592 Executing VM operation: RevokeBias done


Dynamic libraries:
0x00007ff716ed0000 - 0x00007ff716f07000 	C:\Program Files\Java\jdk-16.0.1\jdk1.8.0_111\bin\java.exe
0x00007ff9dcb50000 - 0x00007ff9dcd45000 	C:\WINDOWS\SYSTEM32\ntdll.dll
0x00007ff9dba00000 - 0x00007ff9dbabd000 	C:\WINDOWS\System32\KERNEL32.DLL
0x00007ff9da460000 - 0x00007ff9da72d000 	C:\WINDOWS\System32\KERNELBASE.dll
0x00007ff9dbbb0000 - 0x00007ff9dbc5e000 	C:\WINDOWS\System32\ADVAPI32.dll
0x00007ff9db890000 - 0x00007ff9db92e000 	C:\WINDOWS\System32\msvcrt.dll
0x00007ff9dabd0000 - 0x00007ff9dac6c000 	C:\WINDOWS\System32\sechost.dll
0x00007ff9dbe60000 - 0x00007ff9dbf85000 	C:\WINDOWS\System32\RPCRT4.dll
0x00007ff9dbcc0000 - 0x00007ff9dbe60000 	C:\WINDOWS\System32\USER32.dll
0x00007ff9da400000 - 0x00007ff9da422000 	C:\WINDOWS\System32\win32u.dll
0x00007ff9daba0000 - 0x00007ff9dabca000 	C:\WINDOWS\System32\GDI32.dll
0x00007ff9da990000 - 0x00007ff9daa9b000 	C:\WINDOWS\System32\gdi32full.dll
0x00007ff9da2d0000 - 0x00007ff9da36d000 	C:\WINDOWS\System32\msvcp_win.dll
0x00007ff9daaa0000 - 0x00007ff9daba0000 	C:\WINDOWS\System32\ucrtbase.dll
0x00007ff9d9920000 - 0x00007ff9d9bba000 	C:\WINDOWS\WinSxS\amd64_microsoft.windows.common-controls_6595b64144ccf1df_6.0.19041.1110_none_60b5254171f9507e\COMCTL32.dll
0x00007ff9dad10000 - 0x00007ff9dad40000 	C:\WINDOWS\System32\IMM32.DLL
0x000000006f0b0000 - 0x000000006f182000 	C:\Program Files\Java\jdk-16.0.1\jdk1.8.0_111\jre\bin\msvcr100.dll
0x000000006e140000 - 0x000000006e9da000 	C:\Program Files\Java\jdk-16.0.1\jdk1.8.0_111\jre\bin\server\jvm.dll
0x00007ff9dbf90000 - 0x00007ff9dbf98000 	C:\WINDOWS\System32\PSAPI.DLL
0x00007ff9cf840000 - 0x00007ff9cf84a000 	C:\WINDOWS\SYSTEM32\VERSION.dll
0x00007ff9c76f0000 - 0x00007ff9c7717000 	C:\WINDOWS\SYSTEM32\WINMM.dll
0x00007ff9c40d0000 - 0x00007ff9c40d9000 	C:\WINDOWS\SYSTEM32\WSOCK32.dll
0x00007ff9db930000 - 0x00007ff9db99b000 	C:\WINDOWS\System32\WS2_32.dll
0x000000006f060000 - 0x000000006f06f000 	C:\Program Files\Java\jdk-16.0.1\jdk1.8.0_111\jre\bin\verify.dll
0x000000006f030000 - 0x000000006f059000 	C:\Program Files\Java\jdk-16.0.1\jdk1.8.0_111\jre\bin\java.dll
0x000000006f010000 - 0x000000006f026000 	C:\Program Files\Java\jdk-16.0.1\jdk1.8.0_111\jre\bin\zip.dll
0x00007ff9dc2f0000 - 0x00007ff9dca34000 	C:\WINDOWS\System32\SHELL32.dll
0x00007ff9d7cf0000 - 0x00007ff9d8484000 	C:\WINDOWS\SYSTEM32\windows.storage.dll
0x00007ff9dae50000 - 0x00007ff9db1a4000 	C:\WINDOWS\System32\combase.dll
0x00007ff9d95b0000 - 0x00007ff9d95dc000 	C:\WINDOWS\SYSTEM32\Wldp.dll
0x00007ff9db7e0000 - 0x00007ff9db88d000 	C:\WINDOWS\System32\SHCORE.dll
0x00007ff9dbc60000 - 0x00007ff9dbcb5000 	C:\WINDOWS\System32\shlwapi.dll
0x00007ff9da1a0000 - 0x00007ff9da1bf000 	C:\WINDOWS\SYSTEM32\profapi.dll
0x000000006df80000 - 0x000000006e118000 	C:\Program Files\Java\jdk-16.0.1\jdk1.8.0_111\jre\bin\awt.dll
0x00007ff9dca40000 - 0x00007ff9dcb0d000 	C:\WINDOWS\System32\OLEAUT32.dll
0x00007ff9d6bd0000 - 0x00007ff9d6c60000 	C:\WINDOWS\SYSTEM32\apphelp.dll
0x00007ff9d6e90000 - 0x00007ff9d6f2e000 	C:\WINDOWS\system32\uxtheme.dll
0x00007ff9dc1d0000 - 0x00007ff9dc2e5000 	C:\WINDOWS\System32\MSCTF.dll
0x00007ff9dbfa0000 - 0x00007ff9dc0ca000 	C:\WINDOWS\System32\ole32.dll
0x00007ff9d84a0000 - 0x00007ff9d84b2000 	C:\WINDOWS\SYSTEM32\kernel.appcore.dll
0x00007ff9da370000 - 0x00007ff9da3f2000 	C:\WINDOWS\System32\bcryptPrimitives.dll
0x00007ff9d7190000 - 0x00007ff9d71bf000 	C:\WINDOWS\system32\DWMAPI.DLL
0x000000006df30000 - 0x000000006df77000 	C:\Program Files\Java\jdk-16.0.1\jdk1.8.0_111\jre\bin\fontmanager.dll
0x000000006eff0000 - 0x000000006f00a000 	C:\Program Files\Java\jdk-16.0.1\jdk1.8.0_111\jre\bin\net.dll
0x00007ff9d9330000 - 0x00007ff9d939a000 	C:\WINDOWS\system32\mswsock.dll
0x00007ff9d9000000 - 0x00007ff9d90cb000 	C:\WINDOWS\SYSTEM32\DNSAPI.dll
0x00007ff9d8fc0000 - 0x00007ff9d8ffb000 	C:\WINDOWS\SYSTEM32\IPHLPAPI.DLL
0x00007ff9dac70000 - 0x00007ff9dac78000 	C:\WINDOWS\System32\NSI.dll
0x00007ff9c90e0000 - 0x00007ff9c90ea000 	C:\Windows\System32\rasadhlp.dll
0x00007ff9c9cc0000 - 0x00007ff9c9d40000 	C:\WINDOWS\System32\fwpuclnt.dll
0x00007ff9da430000 - 0x00007ff9da457000 	C:\WINDOWS\System32\bcrypt.dll
0x000000006de30000 - 0x000000006de54000 	C:\Program Files\Java\jdk-16.0.1\jdk1.8.0_111\jre\bin\sunec.dll
0x00007ff9d9ff0000 - 0x00007ff9da008000 	C:\WINDOWS\SYSTEM32\CRYPTSP.dll
0x00007ff9d8c70000 - 0x00007ff9d8ca4000 	C:\WINDOWS\system32\rsaenh.dll
0x00007ff9da120000 - 0x00007ff9da14e000 	C:\WINDOWS\SYSTEM32\USERENV.dll
0x00007ff9d9520000 - 0x00007ff9d952c000 	C:\WINDOWS\SYSTEM32\CRYPTBASE.dll
0x00007ff9cef70000 - 0x00007ff9cef87000 	C:\WINDOWS\SYSTEM32\dhcpcsvc6.DLL
0x00007ff9cf850000 - 0x00007ff9cf86d000 	C:\WINDOWS\SYSTEM32\dhcpcsvc.DLL
0x000000006e120000 - 0x000000006e131000 	C:\Program Files\Java\jdk-16.0.1\jdk1.8.0_111\jre\bin\nio.dll
0x000000006de20000 - 0x000000006de2b000 	C:\Program Files\Java\jdk-16.0.1\jdk1.8.0_111\jre\bin\sunmscapi.dll
0x00007ff9da830000 - 0x00007ff9da986000 	C:\WINDOWS\System32\CRYPT32.dll
0x00007ff9dad40000 - 0x00007ff9dade9000 	C:\WINDOWS\System32\clbcatq.dll
0x00007ff9d25b0000 - 0x00007ff9d2764000 	C:\WINDOWS\SYSTEM32\WindowsCodecs.dll
0x00007ff9ac280000 - 0x00007ff9ac2be000 	C:\WINDOWS\system32\dataexchange.dll
0x00007ff9d5ff0000 - 0x00007ff9d61d5000 	C:\WINDOWS\system32\dcomp.dll
0x00007ff9d5520000 - 0x00007ff9d5784000 	C:\WINDOWS\system32\d3d11.dll
0x00007ff9d8510000 - 0x00007ff9d8603000 	C:\WINDOWS\system32\dxgi.dll
0x00007ff9d28e0000 - 0x00007ff9d2ae1000 	C:\WINDOWS\system32\twinapi.appcore.dll
0x000000006dee0000 - 0x000000006df22000 	C:\Program Files\Java\jdk-16.0.1\jdk1.8.0_111\jre\bin\t2k.dll
0x00007ff9cc3f0000 - 0x00007ff9cc4e9000 	C:\WINDOWS\SYSTEM32\textinputframework.dll
0x00007ff9d68c0000 - 0x00007ff9d69b2000 	C:\WINDOWS\System32\CoreMessaging.dll
0x00007ff9d6560000 - 0x00007ff9d68be000 	C:\WINDOWS\System32\CoreUIComponents.dll
0x00007ff9d5e90000 - 0x00007ff9d5fe4000 	C:\WINDOWS\SYSTEM32\wintypes.dll
0x00007ff9d9fb0000 - 0x00007ff9d9fe3000 	C:\WINDOWS\SYSTEM32\ntmarta.dll
0x00007ff9c7080000 - 0x00007ff9c70e6000 	C:\WINDOWS\system32\Oleacc.dll
0x000000006dea0000 - 0x000000006deca000 	C:\Program Files\Java\jdk-16.0.1\jdk1.8.0_111\jre\bin\dcpr.dll
0x000000006de60000 - 0x000000006de91000 	C:\Program Files\Java\jdk-16.0.1\jdk1.8.0_111\jre\bin\jpeg.dll
0x00007ff9d9c10000 - 0x00007ff9d9df4000 	C:\WINDOWS\SYSTEM32\dbghelp.dll

VM Arguments:
jvm_args: -Dfile.encoding=UTF-8 
java_command: vista.frmUsuario
java_class_path (initial): C:\Universidad Americana\Optativo\Proyecto_F.Amarilla\src\sistema\db\mysql-connector-java-5.1.49.jar;C:\Program Files\Java\NetBeans 8.2\java\modules\ext\AbsoluteLayout.jar;C:\Users\Fernando\Documents\NetBeansProjects\Americana\build\classes
Launcher Type: SUN_STANDARD

Environment Variables:
JAVA_HOME=C:\Program Files\Java\jdk1.8.0_111
PATH=C:\Program Files\Common Files\Oracle\Java\javapath;C:\Program Files (x86)\Common Files\Oracle\Java\javapath;C:\ProgramData\Oracle\Java\javapath;C:\WINDOWS\system32;C:\WINDOWS;C:\WINDOWS\System32\Wbem;C:\WINDOWS\System32\WindowsPowerShell\v1.0\;C:\WINDOWS\System32\OpenSSH\;C:\Program Files\MySQL\MySQL Server 8.0\bin;c:\Program Files (x86)\Microsoft SQL Server\100\Tools\Binn\;c:\Program Files\Microsoft SQL Server\100\Tools\Binn\;c:\Program Files\Microsoft SQL Server\100\DTS\Binn\;c:\Program Files (x86)\Microsoft SQL Server\100\Tools\Binn\VSShell\Common7\IDE\;c:\Program Files (x86)\Microsoft SQL Server\100\DTS\Binn\;C:\Program Files\MySQL\MySQL Shell 8.0\bin\;C:\Users\Fernando\AppData\Local\Microsoft\WindowsApps;;C:\Users\Fernando\AppData\Local\Programs\Microsoft VS Code\bin
USERNAME=Fernando
OS=Windows_NT
PROCESSOR_IDENTIFIER=Intel64 Family 6 Model 78 Stepping 3, GenuineIntel



---------------  S Y S T E M  ---------------

OS: Windows 10.0 , 64 bit Build 19041 (10.0.19041.1706)

CPU:total 4 (2 cores per cpu, 2 threads per core) family 6 model 78 stepping 3, cmov, cx8, fxsr, mmx, sse, sse2, sse3, ssse3, sse4.1, sse4.2, popcnt, avx, avx2, aes, clmul, erms, 3dnowpref, lzcnt, ht, tsc, tscinvbit, bmi1, bmi2, adx

Memory: 4k page, physical 12470072k(6686680k free), swap 14370616k(6344456k free)

vm_info: Java HotSpot(TM) 64-Bit Server VM (25.111-b14) for windows-amd64 JRE (1.8.0_111-b14), built on Sep 22 2016 19:24:05 by "java_re" with MS VC++ 10.0 (VS2010)

time: Tue Jun 14 18:19:37 2022
elapsed time: 79 seconds (0d 0h 1m 19s)

